<?xml version="1.0" encoding="UTF-8"?>
<testng-results ignored="0" total="3" passed="3" failed="0" skipped="0">
  <reporter-output>
  </reporter-output>
  <suite started-at="2024-09-29T16:45:30 IST" name="Default suite" finished-at="2024-09-29T16:45:30 IST" duration-ms="134">
    <groups>
    </groups>
    <test started-at="2024-09-29T16:45:30 IST" name="Default test" finished-at="2024-09-29T16:45:30 IST" duration-ms="134">
      <class name="testng.Basics2">
        <test-method signature="Demo()[pri:0, instance:testng.Basics2@3d9f6567]" started-at="2024-09-29T16:45:30 IST" name="Demo" finished-at="2024-09-29T16:45:30 IST" duration-ms="15" status="PASS">
          <reporter-output>
          </reporter-output>
        </test-method> <!-- Demo -->
        <test-method signature="Demo2()[pri:0, instance:testng.Basics2@3d9f6567]" started-at="2024-09-29T16:45:30 IST" name="Demo2" finished-at="2024-09-29T16:45:30 IST" duration-ms="6" status="PASS">
          <reporter-output>
          </reporter-output>
        </test-method> <!-- Demo2 -->
        <test-method signature="Demo3()[pri:0, instance:testng.Basics2@3d9f6567]" started-at="2024-09-29T16:45:30 IST" name="Demo3" finished-at="2024-09-29T16:45:30 IST" duration-ms="4" status="PASS">
          <reporter-output>
          </reporter-output>
        </test-method> <!-- Demo3 -->
      </class> <!-- testng.Basics2 -->
    </test> <!-- Default test -->
  </suite> <!-- Default suite -->
</testng-results>
