<?xml version="1.0" encoding="UTF-8"?>
<!-- Generated by org.testng.reporters.JUnitXMLReporter -->
<testsuite ignored="0" hostname="DESKTOP-7BKDVGK" failures="0" tests="6" name="Test" time="0.13" errors="0" timestamp="2024-09-01T00:18:05 IST">
  <testcase classname="testng.basics" name="Demo" time="0.01"/>
  <testcase classname="testng.basics" name="Demo2" time="0.003"/>
  <testcase classname="testng.basics" name="Demo3" time="0.003"/>
  <testcase classname="testng.Basics2" name="Demo" time="0.006"/>
  <testcase classname="testng.Basics2" name="Demo2" time="0.002"/>
  <testcase classname="testng.Basics2" name="Demo3" time="0.01"/>
</testsuite> <!-- Test -->
